<?xml version="1.0" encoding="UTF-8"?>
<testsuite name="com.example.datamongodb.controller.DataControllerTest" tests="7" skipped="0" failures="0" errors="0" timestamp="2024-01-07T05:22:43" hostname="GLEIDSON" time="0.241">
  <properties/>
  <testcase name="getPersonByNameStartsWith()" classname="com.example.datamongodb.controller.DataControllerTest" time="0.148"/>
  <testcase name="deletePersonById()" classname="com.example.datamongodb.controller.DataControllerTest" time="0.01"/>
  <testcase name="updatePersonById()" classname="com.example.datamongodb.controller.DataControllerTest" time="0.037"/>
  <testcase name="getPersonById()" classname="com.example.datamongodb.controller.DataControllerTest" time="0.008"/>
  <testcase name="getAllPersons()" classname="com.example.datamongodb.controller.DataControllerTest" time="0.007"/>
  <testcase name="postPerson()" classname="com.example.datamongodb.controller.DataControllerTest" time="0.008"/>
  <testcase name="getPersonByAgeBetween()" classname="com.example.datamongodb.controller.DataControllerTest" time="0.01"/>
  <system-out><![CDATA[16:22:41.387 [Test worker] INFO org.springframework.test.context.support.AnnotationConfigContextLoaderUtils -- Could not detect default configuration classes for test class [com.example.datamongodb.controller.DataControllerTest]: DataControllerTest does not declare any static, non-private, non-final, nested classes annotated with @Configuration.
16:22:41.518 [Test worker] INFO org.springframework.boot.test.context.SpringBootTestContextBootstrapper -- Found @SpringBootConfiguration com.example.datamongodb.DataMongodbApplication for test class com.example.datamongodb.controller.DataControllerTest

  .   ____          _            __ _ _
 /\\ / ___'_ __ _ _(_)_ __  __ _ \ \ \ \
( ( )\___ | '_ | '_| | '_ \/ _` | \ \ \ \
 \\/  ___)| |_)| | | | | || (_| |  ) ) ) )
  '  |____| .__|_| |_|_| |_\__, | / / / /
 =========|_|==============|___/=/_/_/_/
 :: Spring Boot ::                (v3.1.3)

2024-01-07T16:22:41.914+11:00  INFO 20120 --- [    Test worker] c.e.d.controller.DataControllerTest      : Starting DataControllerTest using Java 19.0.2 with PID 20120 (started by gleid in C:\Users\gleid\IdeaProjects\data-mongodb\data-mongodb)
2024-01-07T16:22:41.917+11:00  INFO 20120 --- [    Test worker] c.e.d.controller.DataControllerTest      : No active profile set, falling back to 1 default profile: "default"
2024-01-07T16:22:43.629+11:00  INFO 20120 --- [    Test worker] o.s.b.t.m.w.SpringBootMockServletContext : Initializing Spring TestDispatcherServlet ''
2024-01-07T16:22:43.630+11:00  INFO 20120 --- [    Test worker] o.s.t.web.servlet.TestDispatcherServlet  : Initializing Servlet ''
2024-01-07T16:22:43.633+11:00  INFO 20120 --- [    Test worker] o.s.t.web.servlet.TestDispatcherServlet  : Completed initialization in 1 ms
2024-01-07T16:22:43.663+11:00  INFO 20120 --- [    Test worker] c.e.d.controller.DataControllerTest      : Started DataControllerTest in 2.054 seconds (process running for 3.112)
]]></system-out>
  <system-err><![CDATA[]]></system-err>
</testsuite>
